Tue Sep 10 2013 11:57:51 GMT-0500 (CDT):
{ [Error: Unable to locate site named tok3n-static]
  stack: [Getter/Setter],
  __frame: 
   { name: 'lookupSiteNameAndWebSpace',
     line: 605,
     file: '/Users/aficio/.nvm/v0.10.17/lib/node_modules/azure-cli/lib/commands/site._js',
     prev: 
      { name: 'ensureRepositoryUri',
        line: 679,
        file: '/Users/aficio/.nvm/v0.10.17/lib/node_modules/azure-cli/lib/commands/site._js',
        prev: [Object],
        active: false,
        offset: 1,
        col: 19 },
     active: false,
     offset: 7,
     col: 4 },
  rawStack: [Getter] }
Error: Unable to locate site named tok3n-static
    at ___ (/Users/aficio/.nvm/v0.10.17/lib/node_modules/azure-cli/lib/commands/site._js:601:20)
    at ___ (/Users/aficio/.nvm/v0.10.17/lib/node_modules/azure-cli/node_modules/streamline/lib/callbacks/runtime.js:85:13)
    at ___ (/Users/aficio/.nvm/v0.10.17/lib/node_modules/azure-cli/lib/commands/site._js:1046:131)
    at __tryCatch (/Users/aficio/.nvm/v0.10.17/lib/node_modules/azure-cli/node_modules/streamline/lib/callbacks/runtime.js:141:4)
    at ___ (/Users/aficio/.nvm/v0.10.17/lib/node_modules/azure-cli/lib/commands/site._js:1046:67)
    at site_doSitesGet__18 (/Users/aficio/.nvm/v0.10.17/lib/node_modules/azure-cli/lib/commands/site._js:1046:33)
    at lookupSiteNameAndWebSpace (/Users/aficio/.nvm/v0.10.17/lib/node_modules/azure-cli/lib/commands/site._js:612:4)
    at ensureRepositoryUri (/Users/aficio/.nvm/v0.10.17/lib/node_modules/azure-cli/lib/commands/site._js:680:19)
    at __2 (/Users/aficio/.nvm/v0.10.17/lib/node_modules/azure-cli/lib/commands/site.log._js:84:26)

